<?xml version="1.0" encoding="UTF-8"?>
<!-- Generated by org.testng.reporters.JUnitReportReporter -->
<testsuite hostname="DESKTOP-0UBQ6V9" failures="0" tests="1" name="runner.TestRunner" time="34.107" errors="0" timestamp="2025-05-22T19:59:31 IST" skipped="0">
  <testcase classname="runner.TestRunner" name="runScenario" time="34.107"/>
  <system-out/>
</testsuite> <!-- runner.TestRunner -->
